<?xml version="1.0" encoding="UTF-8"?>
<testng-results skipped="0" failed="0" total="1" passed="1">
  <reporter-output>
  </reporter-output>
  <suite name="Default suite" duration-ms="9023" started-at="2016-08-24T07:12:46Z" finished-at="2016-08-24T07:12:55Z">
    <groups>
    </groups>
    <test name="Default test" duration-ms="9023" started-at="2016-08-24T07:12:46Z" finished-at="2016-08-24T07:12:55Z">
      <class name="com.stock.master.loginpom">
        <test-method status="PASS" signature="logpom()[pri:0, instance:com.stock.master.loginpom@5b36cea3]" name="logpom" duration-ms="6412" started-at="2016-08-24T12:42:46Z" finished-at="2016-08-24T12:42:52Z">
          <reporter-output>
          </reporter-output>
        </test-method> <!-- logpom -->
        <test-method status="PASS" signature="exit()[pri:0, instance:com.stock.master.loginpom@5b36cea3]" name="exit" is-config="true" duration-ms="2589" started-at="2016-08-24T12:42:52Z" finished-at="2016-08-24T12:42:55Z">
          <reporter-output>
          </reporter-output>
        </test-method> <!-- exit -->
      </class> <!-- com.stock.master.loginpom -->
    </test> <!-- Default test -->
  </suite> <!-- Default suite -->
</testng-results>
