<?xml version="1.0" encoding="UTF-8"?>
<testng-results skipped="0" failed="0" total="1" passed="1">
  <reporter-output>
  </reporter-output>
  <suite name="Suite" duration-ms="29909" started-at="2016-08-29T08:00:48Z" finished-at="2016-08-29T08:01:18Z">
    <groups>
    </groups>
    <test name="On Firefox" duration-ms="29909" started-at="2016-08-29T08:00:48Z" finished-at="2016-08-29T08:01:18Z">
      <class name="com.stock.master.grid">
        <test-method status="PASS" signature="exe(java.lang.String)[pri:0, instance:com.stock.master.grid@5371b6f5]" name="exe" duration-ms="29893" started-at="2016-08-29T13:30:48Z" finished-at="2016-08-29T13:31:18Z">
          <params>
            <param index="0">
              <value>
                <![CDATA[firefox]]>
              </value>
            </param>
          </params>
          <reporter-output>
          </reporter-output>
        </test-method> <!-- exe -->
      </class> <!-- com.stock.master.grid -->
    </test> <!-- On Firefox -->
  </suite> <!-- Suite -->
</testng-results>
